<?xml version="1.0" encoding="UTF-8"?>
<!-- Generated by org.testng.reporters.JUnitXMLReporter -->
<testsuite hostname="asdaas-wv-10478" ignored="0" name="Surefire test" tests="2" failures="0" timestamp="30 Jul 2019 07:05:17 GMT" time="3.074" errors="0">
  <testcase name="DummyAPIShouldReturnEmployeeName on DummyAPIShouldReturnEmployeeName(se.ff.bsc.Tests)" time="2.863" classname="se.ff.bsc.Tests"/>
  <testcase name="BusServiceShouldReturnEta on BusServiceShouldReturnEta(se.ff.bsc.WhenComesTheBusTest)" time="0.123" classname="se.ff.bsc.WhenComesTheBusTest"/>
</testsuite> <!-- Surefire test -->
